
Copyright (C) 1994-2023 Synopsys, Inc.
This Synopsys software and all associated documentation are proprietary to Synopsys, Inc.
and may only be used pursuant to the terms and conditions of a written license agreement
with Synopsys, Inc. All other use, reproduction, modification, or distribution of the
Synopsys software or the associated documentation is strictly prohibited.
Tool: Synplify Pro (R)
Build: U-2023.03L-SP1
Install: C:\lscc\diamond\3.13\synpbase
OS: Windows 10 or later
Hostname: 2119PC2

Implementation : impl1
Synopsys HDL compiler and linker, Version comp202303synp1, Build 155R, Built Aug 10 2023 09:42:17, @

Modified Files: 0
FID:  path (prevtimestamp, timestamp)

*******************************************************************
Modules that may have changed as a result of file changes: 0
MID:  lib.cell.view

*******************************************************************
Unmodified files: 21
FID:  path (timestamp)
0        C:\Users\p2119\Desktop\CrossLink-MIPI-DSICSI-2-to-Parallel-Bridge-DSI\ipk\b2p\b2p.v (2024-02-20 12:24:45)
1        C:\Users\p2119\Desktop\CrossLink-MIPI-DSICSI-2-to-Parallel-Bridge-DSI\ipk\b2p\b2p_byte2pixel_bb.v (2024-02-20 12:24:46)
2        C:\Users\p2119\Desktop\CrossLink-MIPI-DSICSI-2-to-Parallel-Bridge-DSI\ipk\i2c_s\i2c_s.v (2024-02-20 12:31:07)
3        C:\Users\p2119\Desktop\CrossLink-MIPI-DSICSI-2-to-Parallel-Bridge-DSI\ipk\int_pll\int_pll.v (2024-02-20 12:29:09)
4        C:\Users\p2119\Desktop\CrossLink-MIPI-DSICSI-2-to-Parallel-Bridge-DSI\ipk\ipk.v (2024-02-21 13:13:31)
5        C:\Users\p2119\Desktop\CrossLink-MIPI-DSICSI-2-to-Parallel-Bridge-DSI\ipk\rx_dphy\rx_dphy.v (2024-02-21 13:11:33)
6        C:\Users\p2119\Desktop\CrossLink-MIPI-DSICSI-2-to-Parallel-Bridge-DSI\ipk\rx_dphy\rx_dphy_capture_ctrl_bb.v (2024-02-21 13:11:33)
7        C:\Users\p2119\Desktop\CrossLink-MIPI-DSICSI-2-to-Parallel-Bridge-DSI\ipk\rx_dphy\rx_dphy_dphy_rx.v (2024-02-21 13:11:33)
8        C:\Users\p2119\Desktop\CrossLink-MIPI-DSICSI-2-to-Parallel-Bridge-DSI\ipk\rx_dphy\rx_dphy_dphy_rx_wrap_bb.v (2024-02-21 13:11:33)
9        C:\Users\p2119\Desktop\CrossLink-MIPI-DSICSI-2-to-Parallel-Bridge-DSI\ipk\rx_dphy\rx_dphy_dphy_wrapper.v (2024-02-21 13:11:33)
10       C:\Users\p2119\Desktop\CrossLink-MIPI-DSICSI-2-to-Parallel-Bridge-DSI\ipk\rx_dphy\rx_dphy_rx_global_ctrl_bb.v (2024-02-21 13:11:33)
11       C:\Users\p2119\Desktop\CrossLink-MIPI-DSICSI-2-to-Parallel-Bridge-DSI\ipk\rx_dphy\rx_dphy_soft_dphy_rx_bb.v (2024-02-21 13:11:33)
12       C:\Users\p2119\Desktop\CrossLink-MIPI-DSICSI-2-to-Parallel-Bridge-DSI\source\verilog\i2c_target_top.v (2024-02-20 07:56:14)
13       C:\Users\p2119\Desktop\CrossLink-MIPI-DSICSI-2-to-Parallel-Bridge-DSI\source\verilog\mipi2parallel.v (2024-02-20 07:56:14)
14       C:\Users\p2119\Desktop\CrossLink-MIPI-DSICSI-2-to-Parallel-Bridge-DSI\source\verilog\mipi2parallel_top.v (2024-02-20 08:38:32)
15       C:\Users\p2119\Desktop\CrossLink-MIPI-DSICSI-2-to-Parallel-Bridge-DSI\source\verilog\synthesis_directives.v (2024-02-20 09:09:59)
16       C:\lscc\diamond\3.13\synpbase\lib\lucent\lifmd.v (2023-08-22 00:52:32)
17       C:\lscc\diamond\3.13\synpbase\lib\lucent\pmi_def.v (2023-08-10 12:56:42)
18       C:\lscc\diamond\3.13\synpbase\lib\vlog\hypermods.v (2023-08-10 10:32:12)
19       C:\lscc\diamond\3.13\synpbase\lib\vlog\scemi_objects.v (2023-08-10 10:32:12)
20       C:\lscc\diamond\3.13\synpbase\lib\vlog\scemi_pipes.svh (2023-08-10 10:32:12)

*******************************************************************
Unchanged modules: 15
MID:  lib.cell.view
0        work.b2p.verilog
1        work.b2p_byte2pixel.verilog
2        work.i2c_s.verilog
3        work.i2c_target.verilog
4        work.int_pll.verilog
5        work.ipk.verilog
6        work.mipi2parallel.verilog
7        work.mipi2parallel_top.verilog
8        work.rx_dphy.verilog
9        work.rx_dphy_capture_ctrl.verilog
10       work.rx_dphy_dphy_rx.verilog
11       work.rx_dphy_dphy_rx_wrap.verilog
12       work.rx_dphy_dphy_wrapper.verilog
13       work.rx_dphy_rx_global_ctrl.verilog
14       work.rx_dphy_soft_dphy_rx.verilog
